<?xml version="1.0" encoding="UTF-8"?>
<testsuite name="com.PizzaKoala.Pizza.controller.MemberControllerTest" tests="7" skipped="0" failures="0" errors="0" timestamp="2024-06-27T12:22:39" hostname="iseeum-ui-MacBookAir.local" time="0.945">
  <properties/>
  <testcase name="로그인실패_비밀번호가_틀렸을때_에러반환()" classname="com.PizzaKoala.Pizza.controller.MemberControllerTest" time="0.468"/>
  <testcase name="로그인()" classname="com.PizzaKoala.Pizza.controller.MemberControllerTest" time="0.077"/>
  <testcase name="로그인실패_등록되지않은_이메일일_경우_에러반환()" classname="com.PizzaKoala.Pizza.controller.MemberControllerTest" time="0.029"/>
  <testcase name="회원가입시_이미_회원_가입된_userName일_경우_에러반환()" classname="com.PizzaKoala.Pizza.controller.MemberControllerTest" time="0.05"/>
  <testcase name="알람기능()" classname="com.PizzaKoala.Pizza.controller.MemberControllerTest" time="0.113"/>
  <testcase name="회원가입()" classname="com.PizzaKoala.Pizza.controller.MemberControllerTest" time="0.129"/>
  <testcase name="알람리스트_요청시_로그인_하지않은_경우()" classname="com.PizzaKoala.Pizza.controller.MemberControllerTest" time="0.038"/>
  <system-out><![CDATA[21:22:29.110 [Test worker] INFO org.springframework.test.context.support.AnnotationConfigContextLoaderUtils -- Could not detect default configuration classes for test class [com.PizzaKoala.Pizza.controller.MemberControllerTest]: MemberControllerTest does not declare any static, non-private, non-final, nested classes annotated with @Configuration.
21:22:29.331 [Test worker] INFO org.springframework.boot.test.context.SpringBootTestContextBootstrapper -- Found @SpringBootConfiguration com.PizzaKoala.Pizza.PizzaApplication for test class com.PizzaKoala.Pizza.controller.MemberControllerTest

  .   ____          _            __ _ _
 /\\ / ___'_ __ _ _(_)_ __  __ _ \ \ \ \
( ( )\___ | '_ | '_| | '_ \/ _` | \ \ \ \
 \\/  ___)| |_)| | | | | || (_| |  ) ) ) )
  '  |____| .__|_| |_|_| |_\__, | / / / /
 =========|_|==============|___/=/_/_/_/
 :: Spring Boot ::                (v3.2.5)

2024-06-27T21:22:30.050+09:00  INFO 2774 --- [    Test worker] c.P.P.controller.MemberControllerTest    : Starting MemberControllerTest using Java 21.0.1 with PID 2774 (started by iseeum in /Users/iseeum/Downloads/Pizza)
2024-06-27T21:22:30.054+09:00  INFO 2774 --- [    Test worker] c.P.P.controller.MemberControllerTest    : No active profile set, falling back to 1 default profile: "default"
2024-06-27T21:22:31.314+09:00  INFO 2774 --- [    Test worker] .s.d.r.c.RepositoryConfigurationDelegate : Bootstrapping Spring Data JPA repositories in DEFAULT mode.
2024-06-27T21:22:31.427+09:00  INFO 2774 --- [    Test worker] .s.d.r.c.RepositoryConfigurationDelegate : Finished Spring Data repository scanning in 104 ms. Found 5 JPA repository interfaces.
2024-06-27T21:22:34.100+09:00  INFO 2774 --- [    Test worker] o.hibernate.jpa.internal.util.LogHelper  : HHH000204: Processing PersistenceUnitInfo [name: default]
2024-06-27T21:22:34.218+09:00  INFO 2774 --- [    Test worker] org.hibernate.Version                    : HHH000412: Hibernate ORM core version 6.4.4.Final
2024-06-27T21:22:34.278+09:00  INFO 2774 --- [    Test worker] o.h.c.internal.RegionFactoryInitiator    : HHH000026: Second-level cache disabled
2024-06-27T21:22:34.481+09:00  INFO 2774 --- [    Test worker] o.s.o.j.p.SpringPersistenceUnitInfo      : No LoadTimeWeaver setup: ignoring JPA class transformer
2024-06-27T21:22:34.527+09:00  INFO 2774 --- [    Test worker] com.zaxxer.hikari.HikariDataSource       : HikariPool-1 - Starting...
2024-06-27T21:22:34.907+09:00  INFO 2774 --- [    Test worker] com.zaxxer.hikari.pool.HikariPool        : HikariPool-1 - Added connection conn0: url=jdbc:h2:file:~/koala user=SAM
2024-06-27T21:22:34.910+09:00  INFO 2774 --- [    Test worker] com.zaxxer.hikari.HikariDataSource       : HikariPool-1 - Start completed.
2024-06-27T21:22:34.956+09:00  WARN 2774 --- [    Test worker] org.hibernate.orm.deprecation            : HHH90000025: H2Dialect does not need to be specified explicitly using 'hibernate.dialect' (remove the property setting and it will be selected by default)
2024-06-27T21:22:36.292+09:00  INFO 2774 --- [    Test worker] o.h.e.t.j.p.i.JtaPlatformInitiator       : HHH000489: No JTA platform available (set 'hibernate.transaction.jta.platform' to enable JTA platform integration)
2024-06-27T21:22:36.415+09:00  INFO 2774 --- [    Test worker] j.LocalContainerEntityManagerFactoryBean : Initialized JPA EntityManagerFactory for persistence unit 'default'
2024-06-27T21:22:36.829+09:00  INFO 2774 --- [    Test worker] o.s.d.j.r.query.QueryEnhancerFactory     : Hibernate is in classpath; If applicable, HQL parser will be used.
2024-06-27T21:22:37.913+09:00  WARN 2774 --- [    Test worker] JpaBaseConfiguration$JpaWebConfiguration : spring.jpa.open-in-view is enabled by default. Therefore, database queries may be performed during view rendering. Explicitly configure spring.jpa.open-in-view to disable this warning
2024-06-27T21:22:38.614+09:00  INFO 2774 --- [    Test worker] o.s.s.web.DefaultSecurityFilterChain     : Will secure any request with [org.springframework.security.web.session.DisableEncodeUrlFilter@d05d8c3, org.springframework.security.web.context.request.async.WebAsyncManagerIntegrationFilter@250988e5, org.springframework.security.web.context.SecurityContextHolderFilter@66a0fae1, org.springframework.security.web.header.HeaderWriterFilter@35c66ad, org.springframework.web.filter.CorsFilter@4481f9bd, org.springframework.security.web.authentication.logout.LogoutFilter@6565f3, com.PizzaKoala.Pizza.global.config.filter.JWTTokenFilter@1502cd38, org.springframework.security.web.authentication.UsernamePasswordAuthenticationFilter@67dc7d0, org.springframework.security.web.savedrequest.RequestCacheAwareFilter@a8e649e, org.springframework.security.web.servletapi.SecurityContextHolderAwareRequestFilter@7802fc4e, org.springframework.security.web.authentication.AnonymousAuthenticationFilter@3662dc9b, org.springframework.security.web.session.SessionManagementFilter@639ad5d9, org.springframework.security.web.access.ExceptionTranslationFilter@4788c0a1, org.springframework.security.web.access.intercept.AuthorizationFilter@cc655a]
2024-06-27T21:22:38.626+09:00  WARN 2774 --- [    Test worker] o.s.s.c.a.web.builders.WebSecurity       : You are asking Spring Security to ignore Ant [pattern='^(?/api/).*']. This is not recommended -- please use permitAll via HttpSecurity#authorizeHttpRequests instead.
2024-06-27T21:22:38.626+09:00  INFO 2774 --- [    Test worker] o.s.s.web.DefaultSecurityFilterChain     : Will not secure Ant [pattern='^(?/api/).*']
2024-06-27T21:22:39.116+09:00  INFO 2774 --- [    Test worker] o.s.b.a.h2.H2ConsoleAutoConfiguration    : H2 console available at '/h2-console'. Database available at 'jdbc:h2:file:~/koala'
2024-06-27T21:22:39.263+09:00  INFO 2774 --- [    Test worker] o.s.b.t.m.w.SpringBootMockServletContext : Initializing Spring TestDispatcherServlet ''
2024-06-27T21:22:39.264+09:00  INFO 2774 --- [    Test worker] o.s.t.web.servlet.TestDispatcherServlet  : Initializing Servlet ''
2024-06-27T21:22:39.267+09:00  INFO 2774 --- [    Test worker] o.s.t.web.servlet.TestDispatcherServlet  : Completed initialization in 3 ms
2024-06-27T21:22:39.323+09:00  INFO 2774 --- [    Test worker] c.P.P.controller.MemberControllerTest    : Started MemberControllerTest in 9.747 seconds (process running for 11.686)
2024-06-27T21:22:39.510+09:00 ERROR 2774 --- [    Test worker] c.P.P.g.config.filter.JWTTokenFilter     : Error occurs while getting header. header is null or invalid
2024-06-27T21:22:39.710+09:00 ERROR 2774 --- [    Test worker] c.P.P.d.e.GlobalControllerAdvice         : Error occurs com.PizzaKoala.Pizza.domain.exception.PizzaAppException: The password is invalid.

MockHttpServletRequest:
      HTTP Method = POST
      Request URI = /api/v1/login
       Parameters = {}
          Headers = [Content-Type:"application/json;charset=UTF-8", Content-Length:"39"]
             Body = {"email":"email","password":"password"}
    Session Attrs = {}

Handler:
             Type = com.PizzaKoala.Pizza.domain.controller.MemberController
           Method = com.PizzaKoala.Pizza.domain.controller.MemberController#login(UserLoginRequest)

Async:
    Async started = false
     Async result = null

Resolved Exception:
             Type = com.PizzaKoala.Pizza.domain.exception.PizzaAppException

ModelAndView:
        View name = null
             View = null
            Model = null

FlashMap:
       Attributes = null

MockHttpServletResponse:
           Status = 401
    Error message = null
          Headers = [Vary:"Origin", "Access-Control-Request-Method", "Access-Control-Request-Headers", Content-Type:"application/json", X-Content-Type-Options:"nosniff", X-XSS-Protection:"0", Cache-Control:"no-cache, no-store, max-age=0, must-revalidate", Pragma:"no-cache", Expires:"0", X-Frame-Options:"SAMEORIGIN"]
     Content type = application/json
             Body = {"resultCode":"INVALID_PASSWORD","result":null}
    Forwarded URL = null
   Redirected URL = null
          Cookies = []
2024-06-27T21:22:39.853+09:00 ERROR 2774 --- [    Test worker] c.P.P.g.config.filter.JWTTokenFilter     : Error occurs while getting header. header is null or invalid

MockHttpServletRequest:
      HTTP Method = POST
      Request URI = /api/v1/login
       Parameters = {}
          Headers = [Content-Type:"application/json;charset=UTF-8", Content-Length:"39"]
             Body = {"email":"email","password":"password"}
    Session Attrs = {}

Handler:
             Type = com.PizzaKoala.Pizza.domain.controller.MemberController
           Method = com.PizzaKoala.Pizza.domain.controller.MemberController#login(UserLoginRequest)

Async:
    Async started = false
     Async result = null

Resolved Exception:
             Type = null

ModelAndView:
        View name = null
             View = null
            Model = null

FlashMap:
       Attributes = null

MockHttpServletResponse:
           Status = 200
    Error message = null
          Headers = [Vary:"Origin", "Access-Control-Request-Method", "Access-Control-Request-Headers", Content-Type:"application/json", X-Content-Type-Options:"nosniff", X-XSS-Protection:"0", Cache-Control:"no-cache, no-store, max-age=0, must-revalidate", Pragma:"no-cache", Expires:"0", X-Frame-Options:"SAMEORIGIN"]
     Content type = application/json
             Body = {"resultCode":"SUCCESS","result":{"token":"test_token"}}
    Forwarded URL = null
   Redirected URL = null
          Cookies = []
2024-06-27T21:22:39.930+09:00 ERROR 2774 --- [    Test worker] c.P.P.g.config.filter.JWTTokenFilter     : Error occurs while getting header. header is null or invalid
2024-06-27T21:22:39.933+09:00 ERROR 2774 --- [    Test worker] c.P.P.d.e.GlobalControllerAdvice         : Error occurs com.PizzaKoala.Pizza.domain.exception.PizzaAppException: The member does not exist.

MockHttpServletRequest:
      HTTP Method = POST
      Request URI = /api/v1/login
       Parameters = {}
          Headers = [Content-Type:"application/json;charset=UTF-8", Content-Length:"39"]
             Body = {"email":"emdsdail","password":"pdssw"}
    Session Attrs = {}

Handler:
             Type = com.PizzaKoala.Pizza.domain.controller.MemberController
           Method = com.PizzaKoala.Pizza.domain.controller.MemberController#login(UserLoginRequest)

Async:
    Async started = false
     Async result = null

Resolved Exception:
             Type = com.PizzaKoala.Pizza.domain.exception.PizzaAppException

ModelAndView:
        View name = null
             View = null
            Model = null

FlashMap:
       Attributes = null

MockHttpServletResponse:
           Status = 404
    Error message = null
          Headers = [Vary:"Origin", "Access-Control-Request-Method", "Access-Control-Request-Headers", Content-Type:"application/json", X-Content-Type-Options:"nosniff", X-XSS-Protection:"0", Cache-Control:"no-cache, no-store, max-age=0, must-revalidate", Pragma:"no-cache", Expires:"0", X-Frame-Options:"SAMEORIGIN"]
     Content type = application/json
             Body = {"resultCode":"MEMBER_NOT_FOUND","result":null}
    Forwarded URL = null
   Redirected URL = null
          Cookies = []
2024-06-27T21:22:39.968+09:00 ERROR 2774 --- [    Test worker] c.P.P.g.config.filter.JWTTokenFilter     : Error occurs while getting header. header is null or invalid
2024-06-27T21:22:39.975+09:00 ERROR 2774 --- [    Test worker] c.P.P.d.e.GlobalControllerAdvice         : Error occurs com.PizzaKoala.Pizza.domain.exception.PizzaAppException: The email already exists., 

MockHttpServletRequest:
      HTTP Method = POST
      Request URI = /api/v1/join
       Parameters = {}
          Headers = [Content-Type:"application/json;charset=UTF-8", Content-Length:"61"]
             Body = {"nickName":"username","email":"email","password":"password"}
    Session Attrs = {}

Handler:
             Type = com.PizzaKoala.Pizza.domain.controller.MemberController
           Method = com.PizzaKoala.Pizza.domain.controller.MemberController#join(UserJoinRequest)

Async:
    Async started = false
     Async result = null

Resolved Exception:
             Type = com.PizzaKoala.Pizza.domain.exception.PizzaAppException

ModelAndView:
        View name = null
             View = null
            Model = null

FlashMap:
       Attributes = null

MockHttpServletResponse:
           Status = 409
    Error message = null
          Headers = [Vary:"Origin", "Access-Control-Request-Method", "Access-Control-Request-Headers", Content-Type:"application/json", X-Content-Type-Options:"nosniff", X-XSS-Protection:"0", Cache-Control:"no-cache, no-store, max-age=0, must-revalidate", Pragma:"no-cache", Expires:"0", X-Frame-Options:"SAMEORIGIN"]
     Content type = application/json
             Body = {"resultCode":"DUPLICATED_EMAIL_ADDRESS","result":null}
    Forwarded URL = null
   Redirected URL = null
          Cookies = []
2024-06-27T21:22:40.050+09:00 ERROR 2774 --- [    Test worker] c.P.P.g.config.filter.JWTTokenFilter     : Error occurs while getting header. header is null or invalid

MockHttpServletRequest:
      HTTP Method = GET
      Request URI = /api/v1/alarm
       Parameters = {}
          Headers = [Content-Type:"application/json;charset=UTF-8"]
             Body = null
    Session Attrs = {}

Handler:
             Type = com.PizzaKoala.Pizza.domain.controller.MemberController
           Method = com.PizzaKoala.Pizza.domain.controller.MemberController#alarm(Pageable, Authentication)

Async:
    Async started = false
     Async result = null

Resolved Exception:
             Type = null

ModelAndView:
        View name = null
             View = null
            Model = null

FlashMap:
       Attributes = null

MockHttpServletResponse:
           Status = 200
    Error message = null
          Headers = [Vary:"Origin", "Access-Control-Request-Method", "Access-Control-Request-Headers", Content-Type:"application/json", X-Content-Type-Options:"nosniff", X-XSS-Protection:"0", Cache-Control:"no-cache, no-store, max-age=0, must-revalidate", Pragma:"no-cache", Expires:"0", X-Frame-Options:"SAMEORIGIN"]
     Content type = application/json
             Body = {"resultCode":"SUCCESS","result":{"content":[],"pageable":"INSTANCE","totalElements":0,"totalPages":1,"last":true,"size":0,"number":0,"sort":{"empty":true,"unsorted":true,"sorted":false},"numberOfElements":0,"first":true,"empty":true}}
    Forwarded URL = null
   Redirected URL = null
          Cookies = []
2024-06-27T21:22:40.233+09:00 ERROR 2774 --- [    Test worker] c.P.P.g.config.filter.JWTTokenFilter     : Error occurs while getting header. header is null or invalid

MockHttpServletRequest:
      HTTP Method = POST
      Request URI = /api/v1/join
       Parameters = {}
          Headers = [Content-Type:"application/json;charset=UTF-8", Content-Length:"61"]
             Body = {"nickName":"nickname","email":"email","password":"password"}
    Session Attrs = {}

Handler:
             Type = com.PizzaKoala.Pizza.domain.controller.MemberController
           Method = com.PizzaKoala.Pizza.domain.controller.MemberController#join(UserJoinRequest)

Async:
    Async started = false
     Async result = null

Resolved Exception:
             Type = null

ModelAndView:
        View name = null
             View = null
            Model = null

FlashMap:
       Attributes = null

MockHttpServletResponse:
           Status = 200
    Error message = null
          Headers = [Vary:"Origin", "Access-Control-Request-Method", "Access-Control-Request-Headers", Content-Type:"application/json", X-Content-Type-Options:"nosniff", X-XSS-Protection:"0", Cache-Control:"no-cache, no-store, max-age=0, must-revalidate", Pragma:"no-cache", Expires:"0", X-Frame-Options:"SAMEORIGIN"]
     Content type = application/json
             Body = {"resultCode":"SUCCESS","result":{"id":0,"email":null,"role":null}}
    Forwarded URL = null
   Redirected URL = null
          Cookies = []
2024-06-27T21:22:40.282+09:00 ERROR 2774 --- [    Test worker] c.P.P.g.config.filter.JWTTokenFilter     : Error occurs while getting header. header is null or invalid

MockHttpServletRequest:
      HTTP Method = GET
      Request URI = /api/v1/alarm
       Parameters = {}
          Headers = [Content-Type:"application/json;charset=UTF-8"]
             Body = null
    Session Attrs = {}

Handler:
             Type = null

Async:
    Async started = false
     Async result = null

Resolved Exception:
             Type = null

ModelAndView:
        View name = null
             View = null
            Model = null

FlashMap:
       Attributes = null

MockHttpServletResponse:
           Status = 401
    Error message = null
          Headers = [Vary:"Origin", "Access-Control-Request-Method", "Access-Control-Request-Headers", Content-Type:"application/json", X-Content-Type-Options:"nosniff", X-XSS-Protection:"0", Cache-Control:"no-cache, no-store, max-age=0, must-revalidate", Pragma:"no-cache", Expires:"0", X-Frame-Options:"SAMEORIGIN"]
     Content type = application/json
             Body = {"resultCode":"INVALID_TOKEN","result":null}
    Forwarded URL = null
   Redirected URL = null
          Cookies = []
]]></system-out>
  <system-err><![CDATA[WARNING: A Java agent has been loaded dynamically (/Users/iseeum/.gradle/caches/modules-2/files-2.1/net.bytebuddy/byte-buddy-agent/1.14.13/979ce25f7d3096a2e82214ba7dc972a05ce7a171/byte-buddy-agent-1.14.13.jar)
WARNING: If a serviceability tool is in use, please run with -XX:+EnableDynamicAgentLoading to hide this warning
WARNING: If a serviceability tool is not in use, please run with -Djdk.instrument.traceUsage for more information
WARNING: Dynamic loading of agents will be disallowed by default in a future release
]]></system-err>
</testsuite>
